# JRE version: OpenJDK Runtime Environment AdoptOpenJDK (11.0.9.1+1) (build 11.0.9.1+1)
# Java VM: OpenJDK 64-Bit Server VM AdoptOpenJDK (11.0.9.1+1, mixed mode, tiered, compressed oops, parallel gc, windows-amd64)
Heap:
 PSYoungGen      total 15872K, used 7363K [0x00000000eab00000, 0x00000000ec080000, 0x0000000100000000)
  eden space 10752K, 21% used [0x00000000eab00000,0x00000000ead4f3f8,0x00000000eb580000)
  from space 5120K, 97% used [0x00000000eb580000,0x00000000eba61950,0x00000000eba80000)
  to   space 5120K, 0% used [0x00000000ebb80000,0x00000000ebb80000,0x00000000ec080000)
 ParOldGen       total 174592K, used 132875K [0x00000000c0000000, 0x00000000caa80000, 0x00000000eab00000)
  object space 174592K, 76% used [0x00000000c0000000,0x00000000c81c2f40,0x00000000caa80000)
 Metaspace       used 68804K, capacity 72060K, committed 72320K, reserved 1114112K
  class space    used 6668K, capacity 7937K, committed 8064K, reserved 1048576K
GC Heap History (20 events):
Event: 418.694 GC heap before
{Heap before GC invocations=85 (full 7):
 PSYoungGen      total 14336K, used 14119K [0x00000000eab00000, 0x00000000ec080000, 0x0000000100000000)
  eden space 9216K, 100% used [0x00000000eab00000,0x00000000eb400000,0x00000000eb400000)
  from space 5120K, 95% used [0x00000000eb400000,0x00000000eb8c9fc8,0x00000000eb900000)
  to   space 6144K, 0% used [0x00000000eba80000,0x00000000eba80000,0x00000000ec080000)
 ParOldGen       total 174592K, used 125532K [0x00000000c0000000, 0x00000000caa80000, 0x00000000eab00000)
  object space 174592K, 71% used [0x00000000c0000000,0x00000000c7a97240,0x00000000caa80000)
 Metaspace       used 66444K, capacity 69819K, committed 70016K, reserved 1112064K
  class space    used 6448K, capacity 7724K, committed 7808K, reserved 1048576K
}
Event: 418.699 GC heap after
{Heap after GC invocations=85 (full 7):
 PSYoungGen      total 14848K, used 6119K [0x00000000eab00000, 0x00000000ec280000, 0x0000000100000000)
  eden space 8704K, 0% used [0x00000000eab00000,0x00000000eab00000,0x00000000eb380000)
  from space 6144K, 99% used [0x00000000eba80000,0x00000000ec079fc8,0x00000000ec080000)
  to   space 7168K, 0% used [0x00000000eb380000,0x00000000eb380000,0x00000000eba80000)
 ParOldGen       total 174592K, used 126143K [0x00000000c0000000, 0x00000000caa80000, 0x00000000eab00000)
  object space 174592K, 72% used [0x00000000c0000000,0x00000000c7b2fcf0,0x00000000caa80000)
 Metaspace       used 66444K, capacity 69819K, committed 70016K, reserved 1112064K
  class space    used 6448K, capacity 7724K, committed 7808K, reserved 1048576K
}
Event: 418.800 GC heap before
{Heap before GC invocations=86 (full 7):
 PSYoungGen      total 14848K, used 14823K [0x00000000eab00000, 0x00000000ec280000, 0x0000000100000000)
  eden space 8704K, 100% used [0x00000000eab00000,0x00000000eb380000,0x00000000eb380000)
  from space 6144K, 99% used [0x00000000eba80000,0x00000000ec079fc8,0x00000000ec080000)
  to   space 7168K, 0% used [0x00000000eb380000,0x00000000eb380000,0x00000000eba80000)
 ParOldGen       total 174592K, used 126143K [0x00000000c0000000, 0x00000000caa80000, 0x00000000eab00000)
  object space 174592K, 72% used [0x00000000c0000000,0x00000000c7b2fcf0,0x00000000caa80000)
 Metaspace       used 66661K, capacity 70021K, committed 70272K, reserved 1112064K
  class space    used 6458K, capacity 7726K, committed 7808K, reserved 1048576K
}
Event: 418.807 GC heap after
{Heap after GC invocations=86 (full 7):
 PSYoungGen      total 13824K, used 5024K [0x00000000eab00000, 0x00000000ec000000, 0x0000000100000000)
  eden space 8704K, 0% used [0x00000000eab00000,0x00000000eab00000,0x00000000eb380000)
  from space 5120K, 98% used [0x00000000eb380000,0x00000000eb868030,0x00000000eb880000)
  to   space 6144K, 0% used [0x00000000eba00000,0x00000000eba00000,0x00000000ec000000)
 ParOldGen       total 174592K, used 128802K [0x00000000c0000000, 0x00000000caa80000, 0x00000000eab00000)
  object space 174592K, 73% used [0x00000000c0000000,0x00000000c7dc8a78,0x00000000caa80000)
 Metaspace       used 66661K, capacity 70021K, committed 70272K, reserved 1112064K
  class space    used 6458K, capacity 7726K, committed 7808K, reserved 1048576K
}
Event: 418.867 GC heap before
{Heap before GC invocations=87 (full 7):
 PSYoungGen      total 13824K, used 13728K [0x00000000eab00000, 0x00000000ec000000, 0x0000000100000000)
  eden space 8704K, 100% used [0x00000000eab00000,0x00000000eb380000,0x00000000eb380000)
  from space 5120K, 98% used [0x00000000eb380000,0x00000000eb868030,0x00000000eb880000)
  to   space 6144K, 0% used [0x00000000eba00000,0x00000000eba00000,0x00000000ec000000)
 ParOldGen       total 174592K, used 128802K [0x00000000c0000000, 0x00000000caa80000, 0x00000000eab00000)
  object space 174592K, 73% used [0x00000000c0000000,0x00000000c7dc8a78,0x00000000caa80000)
 Metaspace       used 66733K, capacity 70095K, committed 70272K, reserved 1112064K
  class space    used 6459K, capacity 7729K, committed 7808K, reserved 1048576K
}
Event: 418.872 GC heap after
{Heap after GC invocations=87 (full 7):
 PSYoungGen      total 14336K, used 6129K [0x00000000eab00000, 0x00000000ec200000, 0x0000000100000000)
  eden space 8192K, 0% used [0x00000000eab00000,0x00000000eab00000,0x00000000eb300000)
  from space 6144K, 99% used [0x00000000eba00000,0x00000000ebffc430,0x00000000ec000000)
  to   space 7168K, 0% used [0x00000000eb300000,0x00000000eb300000,0x00000000eba00000)
 ParOldGen       total 174592K, used 129413K [0x00000000c0000000, 0x00000000caa80000, 0x00000000eab00000)
  object space 174592K, 74% used [0x00000000c0000000,0x00000000c7e615a0,0x00000000caa80000)
 Metaspace       used 66733K, capacity 70095K, committed 70272K, reserved 1112064K
  class space    used 6459K, capacity 7729K, committed 7808K, reserved 1048576K
}
Event: 418.909 GC heap before
{Heap before GC invocations=88 (full 7):
 PSYoungGen      total 14336K, used 14321K [0x00000000eab00000, 0x00000000ec200000, 0x0000000100000000)
  eden space 8192K, 100% used [0x00000000eab00000,0x00000000eb300000,0x00000000eb300000)
  from space 6144K, 99% used [0x00000000eba00000,0x00000000ebffc430,0x00000000ec000000)
  to   space 7168K, 0% used [0x00000000eb300000,0x00000000eb300000,0x00000000eba00000)
 ParOldGen       total 174592K, used 129413K [0x00000000c0000000, 0x00000000caa80000, 0x00000000eab00000)
  object space 174592K, 74% used [0x00000000c0000000,0x00000000c7e615a0,0x00000000caa80000)
 Metaspace       used 66746K, capacity 70095K, committed 70272K, reserved 1112064K
  class space    used 6459K, capacity 7729K, committed 7808K, reserved 1048576K
}
Event: 418.918 GC heap after
{Heap after GC invocations=88 (full 7):
 PSYoungGen      total 12800K, used 4356K [0x00000000eab00000, 0x00000000ebf00000, 0x0000000100000000)
  eden space 8192K, 0% used [0x00000000eab00000,0x00000000eab00000,0x00000000eb300000)
  from space 4608K, 94% used [0x00000000eb300000,0x00000000eb741310,0x00000000eb780000)
  to   space 5632K, 0% used [0x00000000eb980000,0x00000000eb980000,0x00000000ebf00000)
 ParOldGen       total 174592K, used 132851K [0x00000000c0000000, 0x00000000caa80000, 0x00000000eab00000)
  object space 174592K, 76% used [0x00000000c0000000,0x00000000c81bcf40,0x00000000caa80000)
 Metaspace       used 66746K, capacity 70095K, committed 70272K, reserved 1112064K
  class space    used 6459K, capacity 7729K, committed 7808K, reserved 1048576K
}
Event: 420.132 GC heap before
{Heap before GC invocations=89 (full 7):
 PSYoungGen      total 12800K, used 12548K [0x00000000eab00000, 0x00000000ebf00000, 0x0000000100000000)
  eden space 8192K, 100% used [0x00000000eab00000,0x00000000eb300000,0x00000000eb300000)
  from space 4608K, 94% used [0x00000000eb300000,0x00000000eb741310,0x00000000eb780000)
  to   space 5632K, 0% used [0x00000000eb980000,0x00000000eb980000,0x00000000ebf00000)
 ParOldGen       total 174592K, used 132851K [0x00000000c0000000, 0x00000000caa80000, 0x00000000eab00000)
  object space 174592K, 76% used [0x00000000c0000000,0x00000000c81bcf40,0x00000000caa80000)
 Metaspace       used 66916K, capacity 70224K, committed 70272K, reserved 1112064K
  class space    used 6478K, capacity 7770K, committed 7808K, reserved 1048576K
}
Event: 420.135 GC heap after
{Heap after GC invocations=89 (full 7):
 PSYoungGen      total 13824K, used 4676K [0x00000000eab00000, 0x00000000ebe80000, 0x0000000100000000)
  eden space 8704K, 0% used [0x00000000eab00000,0x00000000eab00000,0x00000000eb380000)
  from space 5120K, 91% used [0x00000000eb980000,0x00000000ebe11310,0x00000000ebe80000)
  to   space 5120K, 0% used [0x00000000eb480000,0x00000000eb480000,0x00000000eb980000)
 ParOldGen       total 174592K, used 132859K [0x00000000c0000000, 0x00000000caa80000, 0x00000000eab00000)
  object space 174592K, 76% used [0x00000000c0000000,0x00000000c81bef40,0x00000000caa80000)
 Metaspace       used 66916K, capacity 70224K, committed 70272K, reserved 1112064K
  class space    used 6478K, capacity 7770K, committed 7808K, reserved 1048576K
}
Event: 420.162 GC heap before
{Heap before GC invocations=90 (full 7):
 PSYoungGen      total 13824K, used 13380K [0x00000000eab00000, 0x00000000ebe80000, 0x0000000100000000)
  eden space 8704K, 100% used [0x00000000eab00000,0x00000000eb380000,0x00000000eb380000)
  from space 5120K, 91% used [0x00000000eb980000,0x00000000ebe11310,0x00000000ebe80000)
  to   space 5120K, 0% used [0x00000000eb480000,0x00000000eb480000,0x00000000eb980000)
 ParOldGen       total 174592K, used 132859K [0x00000000c0000000, 0x00000000caa80000, 0x00000000eab00000)
  object space 174592K, 76% used [0x00000000c0000000,0x00000000c81bef40,0x00000000caa80000)
 Metaspace       used 66916K, capacity 70224K, committed 70272K, reserved 1112064K
  class space    used 6478K, capacity 7770K, committed 7808K, reserved 1048576K
}
Event: 420.165 GC heap after
{Heap after GC invocations=90 (full 7):
 PSYoungGen      total 14848K, used 4708K [0x00000000eab00000, 0x00000000ebe80000, 0x0000000100000000)
  eden space 9728K, 0% used [0x00000000eab00000,0x00000000eab00000,0x00000000eb480000)
  from space 5120K, 91% used [0x00000000eb480000,0x00000000eb919310,0x00000000eb980000)
  to   space 5120K, 0% used [0x00000000eb980000,0x00000000eb980000,0x00000000ebe80000)
 ParOldGen       total 174592K, used 132867K [0x00000000c0000000, 0x00000000caa80000, 0x00000000eab00000)
  object space 174592K, 76% used [0x00000000c0000000,0x00000000c81c0f40,0x00000000caa80000)
 Metaspace       used 66916K, capacity 70224K, committed 70272K, reserved 1112064K
  class space    used 6478K, capacity 7770K, committed 7808K, reserved 1048576K
}
Event: 420.186 GC heap before
{Heap before GC invocations=91 (full 7):
 PSYoungGen      total 14848K, used 14436K [0x00000000eab00000, 0x00000000ebe80000, 0x0000000100000000)
  eden space 9728K, 100% used [0x00000000eab00000,0x00000000eb480000,0x00000000eb480000)
  from space 5120K, 91% used [0x00000000eb480000,0x00000000eb919310,0x00000000eb980000)
  to   space 5120K, 0% used [0x00000000eb980000,0x00000000eb980000,0x00000000ebe80000)
 ParOldGen       total 174592K, used 132867K [0x00000000c0000000, 0x00000000caa80000, 0x00000000eab00000)
  object space 174592K, 76% used [0x00000000c0000000,0x00000000c81c0f40,0x00000000caa80000)
 Metaspace       used 66919K, capacity 70224K, committed 70272K, reserved 1112064K
  class space    used 6478K, capacity 7770K, committed 7808K, reserved 1048576K
}
Event: 420.190 GC heap after
{Heap after GC invocations=91 (full 7):
 PSYoungGen      total 14848K, used 4660K [0x00000000eab00000, 0x00000000ebf80000, 0x0000000100000000)
  eden space 9728K, 0% used [0x00000000eab00000,0x00000000eab00000,0x00000000eb480000)
  from space 5120K, 91% used [0x00000000eb980000,0x00000000ebe0d320,0x00000000ebe80000)
  to   space 5120K, 0% used [0x00000000eb480000,0x00000000eb480000,0x00000000eb980000)
 ParOldGen       total 174592K, used 132867K [0x00000000c0000000, 0x00000000caa80000, 0x00000000eab00000)
  object space 174592K, 76% used [0x00000000c0000000,0x00000000c81c0f40,0x00000000caa80000)
 Metaspace       used 66919K, capacity 70224K, committed 70272K, reserved 1112064K
  class space    used 6478K, capacity 7770K, committed 7808K, reserved 1048576K
}
Event: 420.212 GC heap before
{Heap before GC invocations=92 (full 7):
 PSYoungGen      total 14848K, used 14388K [0x00000000eab00000, 0x00000000ebf80000, 0x0000000100000000)
  eden space 9728K, 100% used [0x00000000eab00000,0x00000000eb480000,0x00000000eb480000)
  from space 5120K, 91% used [0x00000000eb980000,0x00000000ebe0d320,0x00000000ebe80000)
  to   space 5120K, 0% used [0x00000000eb480000,0x00000000eb480000,0x00000000eb980000)
 ParOldGen       total 174592K, used 132867K [0x00000000c0000000, 0x00000000caa80000, 0x00000000eab00000)
  object space 174592K, 76% used [0x00000000c0000000,0x00000000c81c0f40,0x00000000caa80000)
 Metaspace       used 66920K, capacity 70224K, committed 70272K, reserved 1112064K
  class space    used 6478K, capacity 7770K, committed 7808K, reserved 1048576K
}
Event: 420.216 GC heap after
{Heap after GC invocations=92 (full 7):
 PSYoungGen      total 14848K, used 4708K [0x00000000eab00000, 0x00000000ebf80000, 0x0000000100000000)
  eden space 9728K, 0% used [0x00000000eab00000,0x00000000eab00000,0x00000000eb480000)
  from space 5120K, 91% used [0x00000000eb480000,0x00000000eb919310,0x00000000eb980000)
  to   space 5120K, 0% used [0x00000000eba80000,0x00000000eba80000,0x00000000ebf80000)
 ParOldGen       total 174592K, used 132867K [0x00000000c0000000, 0x00000000caa80000, 0x00000000eab00000)
  object space 174592K, 76% used [0x00000000c0000000,0x00000000c81c0f40,0x00000000caa80000)
 Metaspace       used 66920K, capacity 70224K, committed 70272K, reserved 1112064K
  class space    used 6478K, capacity 7770K, committed 7808K, reserved 1048576K
}
Event: 420.282 GC heap before
{Heap before GC invocations=93 (full 7):
 PSYoungGen      total 14848K, used 14436K [0x00000000eab00000, 0x00000000ebf80000, 0x0000000100000000)
  eden space 9728K, 100% used [0x00000000eab00000,0x00000000eb480000,0x00000000eb480000)
  from space 5120K, 91% used [0x00000000eb480000,0x00000000eb919310,0x00000000eb980000)
  to   space 5120K, 0% used [0x00000000eba80000,0x00000000eba80000,0x00000000ebf80000)
 ParOldGen       total 174592K, used 132867K [0x00000000c0000000, 0x00000000caa80000, 0x00000000eab00000)
  object space 174592K, 76% used [0x00000000c0000000,0x00000000c81c0f40,0x00000000caa80000)
 Metaspace       used 67241K, capacity 70482K, committed 70528K, reserved 1112064K
  class space    used 6502K, capacity 7770K, committed 7808K, reserved 1048576K
}
Event: 420.285 GC heap after
{Heap after GC invocations=93 (full 7):
 PSYoungGen      total 15872K, used 4708K [0x00000000eab00000, 0x00000000ebf80000, 0x0000000100000000)
  eden space 10752K, 0% used [0x00000000eab00000,0x00000000eab00000,0x00000000eb580000)
  from space 5120K, 91% used [0x00000000eba80000,0x00000000ebf19310,0x00000000ebf80000)
  to   space 5120K, 0% used [0x00000000eb580000,0x00000000eb580000,0x00000000eba80000)
 ParOldGen       total 174592K, used 132867K [0x00000000c0000000, 0x00000000caa80000, 0x00000000eab00000)
  object space 174592K, 76% used [0x00000000c0000000,0x00000000c81c0f40,0x00000000caa80000)
 Metaspace       used 67241K, capacity 70482K, committed 70528K, reserved 1112064K
  class space    used 6502K, capacity 7770K, committed 7808K, reserved 1048576K
}
Event: 424.980 GC heap before
{Heap before GC invocations=94 (full 7):
 PSYoungGen      total 15872K, used 15460K [0x00000000eab00000, 0x00000000ebf80000, 0x0000000100000000)
  eden space 10752K, 100% used [0x00000000eab00000,0x00000000eb580000,0x00000000eb580000)
  from space 5120K, 91% used [0x00000000eba80000,0x00000000ebf19310,0x00000000ebf80000)
  to   space 5120K, 0% used [0x00000000eb580000,0x00000000eb580000,0x00000000eba80000)
 ParOldGen       total 174592K, used 132867K [0x00000000c0000000, 0x00000000caa80000, 0x00000000eab00000)
  object space 174592K, 76% used [0x00000000c0000000,0x00000000c81c0f40,0x00000000caa80000)
 Metaspace       used 68677K, capacity 71929K, committed 72064K, reserved 1114112K
  class space    used 6668K, capacity 7937K, committed 8064K, reserved 1048576K
}
Event: 424.983 GC heap after
{Heap after GC invocations=94 (full 7):
 PSYoungGen      total 15872K, used 4998K [0x00000000eab00000, 0x00000000ec080000, 0x0000000100000000)
  eden space 10752K, 0% used [0x00000000eab00000,0x00000000eab00000,0x00000000eb580000)
  from space 5120K, 97% used [0x00000000eb580000,0x00000000eba61950,0x00000000eba80000)
  to   space 5120K, 0% used [0x00000000ebb80000,0x00000000ebb80000,0x00000000ec080000)
 ParOldGen       total 174592K, used 132875K [0x00000000c0000000, 0x00000000caa80000, 0x00000000eab00000)
  object space 174592K, 76% used [0x00000000c0000000,0x00000000c81c2f40,0x00000000caa80000)
 Metaspace       used 68677K, capacity 71929K, committed 72064K, reserved 1114112K
  class space    used 6668K, capacity 7937K, committed 8064K, reserved 1048576K
}

